2025-10-06 00:12:35, MOVE, v:1, k:toalha, mode:BACK
2025-10-06 00:12:37, MOVE, v:1, k:toalha, mode:PICK
2025-10-06 00:12:39, EXEC, v:1, k:toalha, mode:LOCK, rate:0, size:54
2025-10-06 00:15:40, EXEC, v:1, k:toalha, mode:LOCK, rate:0, size:54
2025-10-06 00:15:41, EXEC, v:1, k:toalha, mode:LOCK, rate:0
2025-10-06 00:20:30, EXEC, v:1, k:toalha, mode:LOCK, rate:0, size:61
2025-10-06 00:20:31, EXEC, v:1, k:toalha, mode:LOCK, rate:0
2025-10-06 00:20:31, EXEC, v:1, k:toalha, mode:LOCK, rate:0
2025-10-06 00:20:32, EXEC, v:1, k:toalha, mode:LOCK, rate:0
2025-10-06 00:20:36, MOVE, v:1, k:toalha, mode:BACK
2025-10-06 00:20:37, MOVE, v:1, k:toalha, mode:PICK
2025-10-06 00:20:38, EXEC, v:1, k:toalha, mode:LOCK, rate:0
2025-10-06 00:22:23, MOVE, v:1, k:toalha, mode:BACK
2025-10-06 00:22:27, MOVE, v:1, k:enxugar, mode:PICK
2025-10-06 00:22:28, EXEC, v:1, k:enxugar, mode:FULL, rate:100
2025-10-06 00:22:55, MOVE, v:1, k:enxugar, mode:BACK
2025-10-06 00:22:57, MOVE, v:1, k:animal, mode:PICK
2025-10-06 00:22:58, EXEC, v:1, k:animal, mode:FULL, rate:100
2025-10-06 00:23:02, MOVE, v:1, k:animal, mode:BACK
2025-10-06 00:23:06, MOVE, v:1, k:carro, mode:PICK
2025-10-06 00:23:07, EXEC, v:1, k:carro, mode:FULL, rate:0, size:48
2025-10-06 01:23:00, MOVE, v:1, k:carro, mode:BACK
2025-10-06 01:23:01, MOVE, v:1, k:carro, mode:PICK
2025-10-06 01:23:02, EXEC, v:1, k:carro, mode:FULL, rate:0, size:70
2025-10-06 01:23:23, EXEC, v:1, k:carro, mode:FULL, rate:70, size:70
2025-10-06 01:25:51, EXEC, v:1, k:carro, mode:FULL, rate:70, size:71
2025-10-06 01:26:20, EXEC, v:1, k:carro, mode:FULL, rate:100, size:71
2025-10-06 01:39:54, MOVE, v:1, k:carro, mode:BACK
2025-10-06 01:40:02, MOVE, v:1, k:calculadora, mode:DOWN
2025-10-06 01:40:04, MOVE, v:1, k:calculadora, mode:PICK
2025-10-06 02:10:07, EXEC, v:1, k:calculadora, mode:FULL, rate:9, size:68
2025-10-06 02:13:50, EXEC, v:1, k:calculadora, mode:FULL, rate:9, size:68
2025-10-06 02:14:13, EXEC, v:1, k:calculadora, mode:FULL, rate:100, size:70
2025-10-06 02:22:48, MOVE, v:1, k:calculadora, mode:BACK
2025-10-06 02:22:54, MOVE, v:1, k:toalha, mode:PICK
2025-10-06 02:22:55, EXEC, v:1, k:toalha, mode:LOCK, rate:0, size:57
2025-10-06 02:24:18, MOVE, v:1, k:toalha, mode:BACK
